c:\users\tomerb\documents\visual studio 2015\Projects\test\test\dist\out-tsc\e2e\app.po.js
c:\users\tomerb\documents\visual studio 2015\Projects\test\test\dist\out-tsc\e2e\app.po.js.map
c:\users\tomerb\documents\visual studio 2015\Projects\test\test\dist\out-tsc\e2e\app.e2e-spec.js
c:\users\tomerb\documents\visual studio 2015\Projects\test\test\dist\out-tsc\e2e\app.e2e-spec.js.map
c:\users\tomerb\documents\visual studio 2015\Projects\test\test\dist\out-tsc\src\app\app-routing.module.js
c:\users\tomerb\documents\visual studio 2015\Projects\test\test\dist\out-tsc\src\app\app-routing.module.js.map
c:\users\tomerb\documents\visual studio 2015\Projects\test\test\dist\out-tsc\src\app\app.component.js
c:\users\tomerb\documents\visual studio 2015\Projects\test\test\dist\out-tsc\src\app\app.component.js.map
c:\users\tomerb\documents\visual studio 2015\Projects\test\test\dist\out-tsc\src\app\app.module.js
c:\users\tomerb\documents\visual studio 2015\Projects\test\test\dist\out-tsc\src\app\app.module.js.map
c:\users\tomerb\documents\visual studio 2015\Projects\test\test\dist\out-tsc\src\environments\environment.js
c:\users\tomerb\documents\visual studio 2015\Projects\test\test\dist\out-tsc\src\environments\environment.js.map
c:\users\tomerb\documents\visual studio 2015\Projects\test\test\dist\out-tsc\src\main.js
c:\users\tomerb\documents\visual studio 2015\Projects\test\test\dist\out-tsc\src\main.js.map
c:\users\tomerb\documents\visual studio 2015\Projects\test\test\dist\out-tsc\src\polyfills.js
c:\users\tomerb\documents\visual studio 2015\Projects\test\test\dist\out-tsc\src\polyfills.js.map
c:\users\tomerb\documents\visual studio 2015\Projects\test\test\dist\out-tsc\src\test.js
c:\users\tomerb\documents\visual studio 2015\Projects\test\test\dist\out-tsc\src\test.js.map
c:\users\tomerb\documents\visual studio 2015\Projects\test\test\dist\out-tsc\src\app\app.component.spec.js
c:\users\tomerb\documents\visual studio 2015\Projects\test\test\dist\out-tsc\src\app\app.component.spec.js.map
c:\users\tomerb\documents\visual studio 2015\Projects\test\test\dist\out-tsc\src\environments\environment.prod.js
c:\users\tomerb\documents\visual studio 2015\Projects\test\test\dist\out-tsc\src\environments\environment.prod.js.map
c:\users\tomerb\documents\visual studio 2015\Projects\test\test\dist\out-tsc\e2e\app.po.js
c:\users\tomerb\documents\visual studio 2015\Projects\test\test\dist\out-tsc\e2e\app.po.js.map
c:\users\tomerb\documents\visual studio 2015\Projects\test\test\dist\out-tsc\e2e\app.e2e-spec.js
c:\users\tomerb\documents\visual studio 2015\Projects\test\test\dist\out-tsc\e2e\app.e2e-spec.js.map
c:\users\tomerb\documents\visual studio 2015\Projects\test\test\dist\out-tsc\src\app\app-routing.module.js
c:\users\tomerb\documents\visual studio 2015\Projects\test\test\dist\out-tsc\src\app\app-routing.module.js.map
c:\users\tomerb\documents\visual studio 2015\Projects\test\test\dist\out-tsc\src\app\app.component.js
c:\users\tomerb\documents\visual studio 2015\Projects\test\test\dist\out-tsc\src\app\app.component.js.map
c:\users\tomerb\documents\visual studio 2015\Projects\test\test\dist\out-tsc\src\app\app.module.js
c:\users\tomerb\documents\visual studio 2015\Projects\test\test\dist\out-tsc\src\app\app.module.js.map
c:\users\tomerb\documents\visual studio 2015\Projects\test\test\dist\out-tsc\src\environments\environment.js
c:\users\tomerb\documents\visual studio 2015\Projects\test\test\dist\out-tsc\src\environments\environment.js.map
c:\users\tomerb\documents\visual studio 2015\Projects\test\test\dist\out-tsc\src\main.js
c:\users\tomerb\documents\visual studio 2015\Projects\test\test\dist\out-tsc\src\main.js.map
c:\users\tomerb\documents\visual studio 2015\Projects\test\test\dist\out-tsc\src\polyfills.js
c:\users\tomerb\documents\visual studio 2015\Projects\test\test\dist\out-tsc\src\polyfills.js.map
c:\users\tomerb\documents\visual studio 2015\Projects\test\test\dist\out-tsc\src\test.js
c:\users\tomerb\documents\visual studio 2015\Projects\test\test\dist\out-tsc\src\test.js.map
c:\users\tomerb\documents\visual studio 2015\Projects\test\test\dist\out-tsc\src\app\app.component.spec.js
c:\users\tomerb\documents\visual studio 2015\Projects\test\test\dist\out-tsc\src\app\app.component.spec.js.map
c:\users\tomerb\documents\visual studio 2015\Projects\test\test\dist\out-tsc\src\environments\environment.prod.js
c:\users\tomerb\documents\visual studio 2015\Projects\test\test\dist\out-tsc\src\environments\environment.prod.js.map
c:\users\tomerb\documents\visual studio 2015\Projects\test\test\dist\out-tsc\e2e\app.po.js
c:\users\tomerb\documents\visual studio 2015\Projects\test\test\dist\out-tsc\e2e\app.po.js.map
c:\users\tomerb\documents\visual studio 2015\Projects\test\test\dist\out-tsc\e2e\app.e2e-spec.js
c:\users\tomerb\documents\visual studio 2015\Projects\test\test\dist\out-tsc\e2e\app.e2e-spec.js.map
c:\users\tomerb\documents\visual studio 2015\Projects\test\test\dist\out-tsc\src\app\home\home.component.js
c:\users\tomerb\documents\visual studio 2015\Projects\test\test\dist\out-tsc\src\app\home\home.component.js.map
c:\users\tomerb\documents\visual studio 2015\Projects\test\test\dist\out-tsc\src\app\about\about.component.js
c:\users\tomerb\documents\visual studio 2015\Projects\test\test\dist\out-tsc\src\app\about\about.component.js.map
c:\users\tomerb\documents\visual studio 2015\Projects\test\test\dist\out-tsc\src\app\grid\products.js
c:\users\tomerb\documents\visual studio 2015\Projects\test\test\dist\out-tsc\src\app\grid\products.js.map
c:\users\tomerb\documents\visual studio 2015\Projects\test\test\dist\out-tsc\src\app\grid\grid.component.js
c:\users\tomerb\documents\visual studio 2015\Projects\test\test\dist\out-tsc\src\app\grid\grid.component.js.map
c:\users\tomerb\documents\visual studio 2015\Projects\test\test\dist\out-tsc\src\app\app-routing.module.js
c:\users\tomerb\documents\visual studio 2015\Projects\test\test\dist\out-tsc\src\app\app-routing.module.js.map
c:\users\tomerb\documents\visual studio 2015\Projects\test\test\dist\out-tsc\src\app\app.component.js
c:\users\tomerb\documents\visual studio 2015\Projects\test\test\dist\out-tsc\src\app\app.component.js.map
c:\users\tomerb\documents\visual studio 2015\Projects\test\test\dist\out-tsc\src\app\app.module.js
c:\users\tomerb\documents\visual studio 2015\Projects\test\test\dist\out-tsc\src\app\app.module.js.map
c:\users\tomerb\documents\visual studio 2015\Projects\test\test\dist\out-tsc\src\environments\environment.js
c:\users\tomerb\documents\visual studio 2015\Projects\test\test\dist\out-tsc\src\environments\environment.js.map
c:\users\tomerb\documents\visual studio 2015\Projects\test\test\dist\out-tsc\src\main.js
c:\users\tomerb\documents\visual studio 2015\Projects\test\test\dist\out-tsc\src\main.js.map
c:\users\tomerb\documents\visual studio 2015\Projects\test\test\dist\out-tsc\src\polyfills.js
c:\users\tomerb\documents\visual studio 2015\Projects\test\test\dist\out-tsc\src\polyfills.js.map
c:\users\tomerb\documents\visual studio 2015\Projects\test\test\dist\out-tsc\src\test.js
c:\users\tomerb\documents\visual studio 2015\Projects\test\test\dist\out-tsc\src\test.js.map
c:\users\tomerb\documents\visual studio 2015\Projects\test\test\dist\out-tsc\src\app\app.component.spec.js
c:\users\tomerb\documents\visual studio 2015\Projects\test\test\dist\out-tsc\src\app\app.component.spec.js.map
c:\users\tomerb\documents\visual studio 2015\Projects\test\test\dist\out-tsc\src\environments\environment.prod.js
c:\users\tomerb\documents\visual studio 2015\Projects\test\test\dist\out-tsc\src\environments\environment.prod.js.map
c:\users\tomerb\documents\visual studio 2015\Projects\test\test\dist\out-tsc\src\app\about\about.component.spec.js
c:\users\tomerb\documents\visual studio 2015\Projects\test\test\dist\out-tsc\src\app\about\about.component.spec.js.map
c:\users\tomerb\documents\visual studio 2015\Projects\test\test\dist\out-tsc\src\app\grid\grid.component.spec.js
c:\users\tomerb\documents\visual studio 2015\Projects\test\test\dist\out-tsc\src\app\grid\grid.component.spec.js.map
c:\users\tomerb\documents\visual studio 2015\Projects\test\test\dist\out-tsc\src\app\home\home.component.spec.js
c:\users\tomerb\documents\visual studio 2015\Projects\test\test\dist\out-tsc\src\app\home\home.component.spec.js.map
